<?xml version="1.0" encoding="UTF-8"?>
<!-- Generated by org.testng.reporters.JUnitXMLReporter -->
<testsuite ignored="4" hostname="DESKTOP-R99HG8B" failures="2" tests="9" name="Test" time="148.912" errors="0" timestamp="2022-11-28T19:01:36 IST">
  <testcase classname="vTEST.WMS.ItemTest" name="loginWMS" time="25.885"/>
  <testcase classname="vTEST.WMS.ItemTest" name="navigatetoItems" time="10.355"/>
  <testcase classname="vTEST.WMS.ItemTest" name="add_New_Item" time="8.069"/>
  <testcase classname="vTEST.WMS.ItemTest" name="searchItem" time="6.435"/>
  <testcase classname="vTEST.WMS.LocationTest" name="addNewLocation" time="7.03">
    <failure type="org.openqa.selenium.NoSuchElementException" message="no such element: Unable to locate element: {&amp;quot;method&amp;quot;:&amp;quot;xpath&amp;quot;,&amp;quot;selector&amp;quot;:&amp;quot;//*[@class=&amp;apos;dropdown-toggle ng-scope&amp;apos; and @data-nav-menu-state=&amp;apos;warehouse&amp;apos;]&amp;quot;}
  (Session info: chrome=107.0.5304.107)
For documentation on this error, please visit: https://selenium.dev/exceptions/#no_such_element
Build info: version: &amp;apos;4.1.2&amp;apos;, revision: &amp;apos;9a5a329c5a&amp;apos;
System info: host: &amp;apos;DESKTOP-R99HG8B&amp;apos;, ip: &amp;apos;192.168.1.6&amp;apos;, os.name: &amp;apos;Windows 10&amp;apos;, os.arch: &amp;apos;amd64&amp;apos;, os.version: &amp;apos;10.0&amp;apos;, java.version: &amp;apos;17.0.3&amp;apos;
Driver info: org.openqa.selenium.chrome.ChromeDriver
Command: [9a3fd425746de50f09f7b3401477b014, findElement {using=xpath, value=//*[@class=&amp;apos;dropdown-toggle ng-scope&amp;apos; and @data-nav-menu-state=&amp;apos;warehouse&amp;apos;]}]
Capabilities {acceptInsecureCerts: false, browserName: chrome, browserVersion: 107.0.5304.107, chrome: {chromedriverVersion: 107.0.5304.62 (1eec40d3a576..., userDataDir: C:\Users\naved\AppData\Loca...}, goog:chromeOptions: {debuggerAddress: localhost:50340}, javascriptEnabled: true, networkConnectionEnabled: false, pageLoadStrategy: normal, platform: WINDOWS, platformName: WINDOWS, proxy: Proxy(), se:cdp: ws://localhost:50340/devtoo..., se:cdpVersion: 107.0.5304.107, setWindowRect: true, strictFileInteractability: false, timeouts: {implicit: 0, pageLoad: 300000, script: 30000}, unhandledPromptBehavior: dismiss and notify, webauthn:extension:credBlob: true, webauthn:extension:largeBlob: true, webauthn:virtualAuthenticators: true}
Session ID: 9a3fd425746de50f09f7b3401477b014">
      <![CDATA[org.openqa.selenium.NoSuchElementException: no such element: Unable to locate element: {"method":"xpath","selector":"//*[@class='dropdown-toggle ng-scope' and @data-nav-menu-state='warehouse']"}
  (Session info: chrome=107.0.5304.107)
For documentation on this error, please visit: https://selenium.dev/exceptions/#no_such_element
Build info: version: '4.1.2', revision: '9a5a329c5a'
System info: host: 'DESKTOP-R99HG8B', ip: '192.168.1.6', os.name: 'Windows 10', os.arch: 'amd64', os.version: '10.0', java.version: '17.0.3'
Driver info: org.openqa.selenium.chrome.ChromeDriver
Command: [9a3fd425746de50f09f7b3401477b014, findElement {using=xpath, value=//*[@class='dropdown-toggle ng-scope' and @data-nav-menu-state='warehouse']}]
Capabilities {acceptInsecureCerts: false, browserName: chrome, browserVersion: 107.0.5304.107, chrome: {chromedriverVersion: 107.0.5304.62 (1eec40d3a576..., userDataDir: C:\Users\naved\AppData\Loca...}, goog:chromeOptions: {debuggerAddress: localhost:50340}, javascriptEnabled: true, networkConnectionEnabled: false, pageLoadStrategy: normal, platform: WINDOWS, platformName: WINDOWS, proxy: Proxy(), se:cdp: ws://localhost:50340/devtoo..., se:cdpVersion: 107.0.5304.107, setWindowRect: true, strictFileInteractability: false, timeouts: {implicit: 0, pageLoad: 300000, script: 30000}, unhandledPromptBehavior: dismiss and notify, webauthn:extension:credBlob: true, webauthn:extension:largeBlob: true, webauthn:virtualAuthenticators: true}
Session ID: 9a3fd425746de50f09f7b3401477b014
at org.openqa.selenium.remote.codec.w3c.W3CHttpResponseCodec.createException(W3CHttpResponseCodec.java:200)
at org.openqa.selenium.remote.codec.w3c.W3CHttpResponseCodec.decode(W3CHttpResponseCodec.java:133)
at org.openqa.selenium.remote.codec.w3c.W3CHttpResponseCodec.decode(W3CHttpResponseCodec.java:53)
at org.openqa.selenium.remote.HttpCommandExecutor.execute(HttpCommandExecutor.java:184)
at org.openqa.selenium.remote.service.DriverCommandExecutor.invokeExecute(DriverCommandExecutor.java:167)
at org.openqa.selenium.remote.service.DriverCommandExecutor.execute(DriverCommandExecutor.java:142)
at org.openqa.selenium.remote.RemoteWebDriver.execute(RemoteWebDriver.java:558)
at org.openqa.selenium.remote.ElementLocation$ElementFinder$2.findElement(ElementLocation.java:162)
at org.openqa.selenium.remote.ElementLocation.findElement(ElementLocation.java:60)
at org.openqa.selenium.remote.RemoteWebDriver.findElement(RemoteWebDriver.java:382)
at org.openqa.selenium.remote.RemoteWebDriver.findElement(RemoteWebDriver.java:374)
at vTEST.WMS.LocationPage.addLocation(LocationPage.java:26)
at vTEST.WMS.LocationTest.addNewLocation(LocationTest.java:18)
at java.base/java.util.ArrayList.forEach(ArrayList.java:1511)
... Removed 32 stack frames]]>
    </failure>
  </testcase> <!-- addNewLocation -->
  <testcase classname="vTEST.WMS.LocationTest" name="loginWMS" time="25.141"/>
  <testcase classname="vTEST.WMS.RR_Test" name="loginWMS" time="22.639"/>
  <testcase classname="vTEST.WMS.RR_Test" name="selectReceive" time="9.184">
    <failure type="java.lang.AssertionError" message="expected [true] but found [false]">
      <![CDATA[java.lang.AssertionError: expected [true] but found [false]
at vTEST.WMS.RR_Test.selectReceive(RR_Test.java:24)
at java.base/java.util.ArrayList.forEach(ArrayList.java:1511)
... Removed 31 stack frames]]>
    </failure>
  </testcase> <!-- selectReceive -->
  <testcase classname="vTEST.WMS.RR_Test" name="ReceiveStock" time="21.175"/>
  <testcase classname="vTEST.WMS.TestBase4" name="@AfterSuite CloseExtent" time="0.0">
    <ignored/>
  </testcase> <!-- @AfterSuite CloseExtent -->
  <testcase classname="vTEST.WMS.TestBase4" name="@AfterSuite CloseExtent" time="0.0">
    <ignored/>
  </testcase> <!-- @AfterSuite CloseExtent -->
  <testcase classname="vTEST.WMS.TestBase4" name="@BeforeSuite Extentsetup" time="0.0">
    <ignored/>
  </testcase> <!-- @BeforeSuite Extentsetup -->
  <testcase classname="vTEST.WMS.TestBase4" name="@BeforeSuite Extentsetup" time="0.0">
    <ignored/>
  </testcase> <!-- @BeforeSuite Extentsetup -->
</testsuite> <!-- Test -->
