<!DOCTYPE html PUBLIC "-//W3C//DTD XHTML 1.1//EN" "https://www.w3.org/TR/xhtml11/DTD/xhtml11.dtd">
<html xmlns="https://www.w3.org/1999/xhtml">
<head>
<meta http-equiv="content-type" content="text/html; charset=UTF-8"/>
<title>TestNG Report</title>
<style type="text/css">table {margin-bottom:10px;border-collapse:collapse;empty-cells:show}th,td {border:1px solid #009;padding:.25em .5em}th {vertical-align:bottom}td {vertical-align:top}table a {font-weight:bold}.stripe td {background-color: #E6EBF9}.num {text-align:right}.passedodd td {background-color: #3F3}.passedeven td {background-color: #0A0}.skippedodd td {background-color: #DDD}.skippedeven td {background-color: #CCC}.failedodd td,.attn {background-color: #F33}.failedeven td,.stripe .attn {background-color: #D00}.stacktrace {white-space:pre;font-family:monospace}.totop {font-size:85%;text-align:center;border-bottom:2px solid #000}.invisible {display:none}</style>
</head>
<body>
<table>
<tr><th>Test</th><th># Passed</th><th># Skipped</th><th># Retried</th><th># Failed</th><th>Time (ms)</th><th>Included Groups</th><th>Excluded Groups</th></tr>
<tr><th colspan="8">Suite</th></tr>
<tr><td><a href="#t0">Test</a></td><td class="num">7</td><td class="num">0</td><td class="num">0</td><td class="num attn">2</td><td class="num">148,912</td><td></td><td></td></tr>
</table>
<table id='summary'><thead><tr><th>Class</th><th>Method</th><th>Start</th><th>Time (ms)</th></tr></thead><tbody><tr><th colspan="4">Suite</th></tr></tbody><tbody id="t0"><tr><th colspan="4">Test &#8212; failed</th></tr><tr class="failedeven"><td rowspan="1">vTEST.WMS.LocationTest</td><td><a href="#m0">addNewLocation</a></td><td rowspan="1">1669642207224</td><td rowspan="1">7030</td></tr><tr class="failedodd"><td rowspan="1">vTEST.WMS.RR_Test</td><td><a href="#m1">selectReceive</a></td><td rowspan="1">1669642264435</td><td rowspan="1">9184</td></tr><tr><th colspan="4">Test &#8212; passed</th></tr><tr class="passedeven"><td rowspan="4">vTEST.WMS.ItemTest</td><td><a href="#m2">add_New_Item</a></td><td rowspan="1">1669642190344</td><td rowspan="1">8069</td></tr><tr class="passedeven"><td><a href="#m3">loginWMS</a></td><td rowspan="1">1669642152419</td><td rowspan="1">25885</td></tr><tr class="passedeven"><td><a href="#m4">navigatetoItems</a></td><td rowspan="1">1669642178332</td><td rowspan="1">10355</td></tr><tr class="passedeven"><td><a href="#m5">searchItem</a></td><td rowspan="1">1669642198528</td><td rowspan="1">6435</td></tr><tr class="passedodd"><td rowspan="1">vTEST.WMS.LocationTest</td><td><a href="#m6">loginWMS</a></td><td rowspan="1">1669642214439</td><td rowspan="1">25141</td></tr><tr class="passedeven"><td rowspan="2">vTEST.WMS.RR_Test</td><td><a href="#m7">ReceiveStock</a></td><td rowspan="1">1669642274005</td><td rowspan="1">21175</td></tr><tr class="passedeven"><td><a href="#m8">loginWMS</a></td><td rowspan="1">1669642241790</td><td rowspan="1">22639</td></tr></tbody>
</table>
<h2>Test</h2><h3 id="m0">vTEST.WMS.LocationTest#addNewLocation</h3><table class="result"><tr><th>Exception</th></tr><tr><td><div class="stacktrace">org.openqa.selenium.NoSuchElementException: no such element: Unable to locate element: {&quot;method&quot;:&quot;xpath&quot;,&quot;selector&quot;:&quot;//*[@class=&apos;dropdown-toggle ng-scope&apos; and @data-nav-menu-state=&apos;warehouse&apos;]&quot;}
  (Session info: chrome=107.0.5304.107)
For documentation on this error, please visit: https://selenium.dev/exceptions/#no_such_element
Build info: version: &apos;4.1.2&apos;, revision: &apos;9a5a329c5a&apos;
System info: host: &apos;DESKTOP-R99HG8B&apos;, ip: &apos;192.168.1.6&apos;, os.name: &apos;Windows 10&apos;, os.arch: &apos;amd64&apos;, os.version: &apos;10.0&apos;, java.version: &apos;17.0.3&apos;
Driver info: org.openqa.selenium.chrome.ChromeDriver
Command: [9a3fd425746de50f09f7b3401477b014, findElement {using=xpath, value=//*[@class=&apos;dropdown-toggle ng-scope&apos; and @data-nav-menu-state=&apos;warehouse&apos;]}]
Capabilities {acceptInsecureCerts: false, browserName: chrome, browserVersion: 107.0.5304.107, chrome: {chromedriverVersion: 107.0.5304.62 (1eec40d3a576..., userDataDir: C:\Users\naved\AppData\Loca...}, goog:chromeOptions: {debuggerAddress: localhost:50340}, javascriptEnabled: true, networkConnectionEnabled: false, pageLoadStrategy: normal, platform: WINDOWS, platformName: WINDOWS, proxy: Proxy(), se:cdp: ws://localhost:50340/devtoo..., se:cdpVersion: 107.0.5304.107, setWindowRect: true, strictFileInteractability: false, timeouts: {implicit: 0, pageLoad: 300000, script: 30000}, unhandledPromptBehavior: dismiss and notify, webauthn:extension:credBlob: true, webauthn:extension:largeBlob: true, webauthn:virtualAuthenticators: true}
Session ID: 9a3fd425746de50f09f7b3401477b014
	at org.openqa.selenium.remote.codec.w3c.W3CHttpResponseCodec.createException(W3CHttpResponseCodec.java:200)
	at org.openqa.selenium.remote.codec.w3c.W3CHttpResponseCodec.decode(W3CHttpResponseCodec.java:133)
	at org.openqa.selenium.remote.codec.w3c.W3CHttpResponseCodec.decode(W3CHttpResponseCodec.java:53)
	at org.openqa.selenium.remote.HttpCommandExecutor.execute(HttpCommandExecutor.java:184)
	at org.openqa.selenium.remote.service.DriverCommandExecutor.invokeExecute(DriverCommandExecutor.java:167)
	at org.openqa.selenium.remote.service.DriverCommandExecutor.execute(DriverCommandExecutor.java:142)
	at org.openqa.selenium.remote.RemoteWebDriver.execute(RemoteWebDriver.java:558)
	at org.openqa.selenium.remote.ElementLocation$ElementFinder$2.findElement(ElementLocation.java:162)
	at org.openqa.selenium.remote.ElementLocation.findElement(ElementLocation.java:60)
	at org.openqa.selenium.remote.RemoteWebDriver.findElement(RemoteWebDriver.java:382)
	at org.openqa.selenium.remote.RemoteWebDriver.findElement(RemoteWebDriver.java:374)
	at vTEST.WMS.LocationPage.addLocation(LocationPage.java:26)
	at vTEST.WMS.LocationTest.addNewLocation(LocationTest.java:18)
	at java.base/java.util.ArrayList.forEach(ArrayList.java:1511)
... Removed 32 stack frames</div></td></tr></table><p class="totop"><a href="#summary">back to summary</a></p>
<h3 id="m1">vTEST.WMS.RR_Test#selectReceive</h3><table class="result"><tr><th>Exception</th></tr><tr><td><div class="stacktrace">java.lang.AssertionError: expected [true] but found [false]
	at vTEST.WMS.RR_Test.selectReceive(RR_Test.java:24)
	at java.base/java.util.ArrayList.forEach(ArrayList.java:1511)
... Removed 31 stack frames</div></td></tr></table><p class="totop"><a href="#summary">back to summary</a></p>
<h3 id="m2">vTEST.WMS.ItemTest#add_New_Item</h3><table class="result"><tr class="param"><th>Parameter #1</th></tr><tr class="param stripe"><td>ZAutoItem-A54</td></tr></table><p class="totop"><a href="#summary">back to summary</a></p>
<h3 id="m3">vTEST.WMS.ItemTest#loginWMS</h3><table class="result"><tr><th class="invisible"/></tr></table><p class="totop"><a href="#summary">back to summary</a></p>
<h3 id="m4">vTEST.WMS.ItemTest#navigatetoItems</h3><table class="result"><tr><th class="invisible"/></tr></table><p class="totop"><a href="#summary">back to summary</a></p>
<h3 id="m5">vTEST.WMS.ItemTest#searchItem</h3><table class="result"><tr class="param"><th>Parameter #1</th></tr><tr class="param stripe"><td>ZAutoItem-A54</td></tr></table><p class="totop"><a href="#summary">back to summary</a></p>
<h3 id="m6">vTEST.WMS.LocationTest#loginWMS</h3><table class="result"><tr><th class="invisible"/></tr></table><p class="totop"><a href="#summary">back to summary</a></p>
<h3 id="m7">vTEST.WMS.RR_Test#ReceiveStock</h3><table class="result"><tr><th class="invisible"/></tr></table><p class="totop"><a href="#summary">back to summary</a></p>
<h3 id="m8">vTEST.WMS.RR_Test#loginWMS</h3><table class="result"><tr><th class="invisible"/></tr></table><p class="totop"><a href="#summary">back to summary</a></p>
</body>
</html>
