<?xml version="1.0" encoding="UTF-8"?>
<!-- Generated by org.testng.reporters.JUnitXMLReporter -->
<testsuite ignored="4" hostname="DESKTOP-R99HG8B" failures="0" tests="9" name="Test" time="4.587" errors="0" timestamp="2022-11-01T15:49:45 IST">
  <testcase classname="vTEST.WMS.TestBase" name="@BeforeTest setup" time="3.195">
    <failure type="org.openqa.selenium.SessionNotCreatedException" message="Could not start a new session. Response code 500. Message: session not created: This version of ChromeDriver only supports Chrome version 105
Current browser version is 107.0.5304.88 with binary path C:\Users\naved\AppData\Local\Google\Chrome\Application\chrome.exe
Build info: version: &amp;apos;4.1.2&amp;apos;, revision: &amp;apos;9a5a329c5a&amp;apos;
System info: host: &amp;apos;DESKTOP-R99HG8B&amp;apos;, ip: &amp;apos;172.16.16.21&amp;apos;, os.name: &amp;apos;Windows 10&amp;apos;, os.arch: &amp;apos;amd64&amp;apos;, os.version: &amp;apos;10.0&amp;apos;, java.version: &amp;apos;17.0.3&amp;apos;
Driver info: org.openqa.selenium.chrome.ChromeDriver
Command: [null, newSession {capabilities=[Capabilities {browserName: chrome, goog:chromeOptions: {args: [], extensions: []}}], desiredCapabilities=Capabilities {browserName: chrome, goog:chromeOptions: {args: [], extensions: []}}}]">
      <![CDATA[org.openqa.selenium.SessionNotCreatedException: Could not start a new session. Response code 500. Message: session not created: This version of ChromeDriver only supports Chrome version 105
Current browser version is 107.0.5304.88 with binary path C:\Users\naved\AppData\Local\Google\Chrome\Application\chrome.exe
Build info: version: '4.1.2', revision: '9a5a329c5a'
System info: host: 'DESKTOP-R99HG8B', ip: '172.16.16.21', os.name: 'Windows 10', os.arch: 'amd64', os.version: '10.0', java.version: '17.0.3'
Driver info: org.openqa.selenium.chrome.ChromeDriver
Command: [null, newSession {capabilities=[Capabilities {browserName: chrome, goog:chromeOptions: {args: [], extensions: []}}], desiredCapabilities=Capabilities {browserName: chrome, goog:chromeOptions: {args: [], extensions: []}}}]
at org.openqa.selenium.remote.ProtocolHandshake.createSession(ProtocolHandshake.java:126)
at org.openqa.selenium.remote.ProtocolHandshake.createSession(ProtocolHandshake.java:84)
at org.openqa.selenium.remote.ProtocolHandshake.createSession(ProtocolHandshake.java:62)
at org.openqa.selenium.remote.HttpCommandExecutor.execute(HttpCommandExecutor.java:156)
at org.openqa.selenium.remote.service.DriverCommandExecutor.invokeExecute(DriverCommandExecutor.java:167)
at org.openqa.selenium.remote.service.DriverCommandExecutor.execute(DriverCommandExecutor.java:142)
at org.openqa.selenium.remote.RemoteWebDriver.execute(RemoteWebDriver.java:558)
at org.openqa.selenium.remote.RemoteWebDriver.startSession(RemoteWebDriver.java:245)
at org.openqa.selenium.remote.RemoteWebDriver.<init>(RemoteWebDriver.java:161)
at org.openqa.selenium.chromium.ChromiumDriver.<init>(ChromiumDriver.java:108)
at org.openqa.selenium.chrome.ChromeDriver.<init>(ChromeDriver.java:106)
at org.openqa.selenium.chrome.ChromeDriver.<init>(ChromeDriver.java:93)
at org.openqa.selenium.chrome.ChromeDriver.<init>(ChromeDriver.java:48)
at vTEST.WMS.TestBase.setup(TestBase.java:24)
... Removed 24 stack frames]]>
    </failure>
  </testcase> <!-- @BeforeTest setup -->
  <testcase classname="vTEST.WMS.TestBase" name="@AfterMethod afterMethod" time="-1.667297984632E9">
    <skipped/>
  </testcase> <!-- @AfterMethod afterMethod -->
  <testcase classname="vTEST.WMS.TestBase" name="@AfterMethod afterMethod" time="-1.667297984637E9">
    <skipped/>
  </testcase> <!-- @AfterMethod afterMethod -->
  <testcase classname="vTEST.WMS.TestBase" name="@AfterMethod afterMethod" time="-1.667297984659E9">
    <skipped/>
  </testcase> <!-- @AfterMethod afterMethod -->
  <testcase classname="vTEST.WMS.TestBase" name="@AfterMethod afterMethod" time="-1.667297984673E9">
    <skipped/>
  </testcase> <!-- @AfterMethod afterMethod -->
  <testcase classname="vTEST.WMS.TestBase" name="@AfterMethod afterMethod" time="-1.667297984692E9">
    <skipped/>
  </testcase> <!-- @AfterMethod afterMethod -->
  <testcase classname="vTEST.WMS.TestBase" name="@AfterMethod afterMethod" time="-1.667297984699E9">
    <skipped/>
  </testcase> <!-- @AfterMethod afterMethod -->
  <testcase classname="vTEST.WMS.TestBase" name="@AfterMethod afterMethod" time="-1.66729798471E9">
    <skipped/>
  </testcase> <!-- @AfterMethod afterMethod -->
  <testcase classname="vTEST.WMS.TestBase" name="@AfterMethod afterMethod" time="-1.667297985936E9">
    <skipped/>
  </testcase> <!-- @AfterMethod afterMethod -->
  <testcase classname="vTEST.WMS.TestBase" name="@AfterMethod afterMethod" time="-1.667297985949E9">
    <skipped/>
  </testcase> <!-- @AfterMethod afterMethod -->
  <testcase classname="vTEST.WMS.TestBase" name="@AfterTest TearDown" time="-1.667297985952E9">
    <skipped/>
  </testcase> <!-- @AfterTest TearDown -->
  <testcase classname="vTEST.WMS.ItemTest" name="navigatetoItems" time="0.0">
    <skipped/>
  </testcase> <!-- navigatetoItems -->
  <testcase classname="vTEST.WMS.ItemTest" name="loginWMS" time="0.0">
    <skipped/>
  </testcase> <!-- loginWMS -->
  <testcase classname="vTEST.WMS.LocationTest" name="loginWMS" time="0.0">
    <skipped/>
  </testcase> <!-- loginWMS -->
  <testcase classname="vTEST.WMS.LocationTest" name="addNewLocation" time="0.0">
    <skipped/>
  </testcase> <!-- addNewLocation -->
  <testcase classname="vTEST.WMS.RR_Test" name="loginWMS" time="0.0">
    <skipped/>
  </testcase> <!-- loginWMS -->
  <testcase classname="vTEST.WMS.RR_Test" name="selectReceive" time="0.0">
    <skipped/>
  </testcase> <!-- selectReceive -->
  <testcase classname="vTEST.WMS.RR_Test" name="ReceiveStock" time="0.0">
    <skipped/>
  </testcase> <!-- ReceiveStock -->
  <testcase classname="vTEST.WMS.ItemTest" name="searchItem" time="0.0">
    <skipped/>
  </testcase> <!-- searchItem -->
  <testcase classname="vTEST.WMS.ItemTest" name="add_New_Item" time="0.0">
    <skipped/>
  </testcase> <!-- add_New_Item -->
  <testcase classname="vTEST.WMS.TestBase" name="@AfterTest TearDown" time="0.0">
    <ignored/>
  </testcase> <!-- @AfterTest TearDown -->
  <testcase classname="vTEST.WMS.TestBase" name="@AfterTest TearDown" time="0.0">
    <ignored/>
  </testcase> <!-- @AfterTest TearDown -->
  <testcase classname="vTEST.WMS.TestBase" name="@BeforeTest setup" time="0.0">
    <ignored/>
  </testcase> <!-- @BeforeTest setup -->
  <testcase classname="vTEST.WMS.TestBase" name="@BeforeTest setup" time="0.0">
    <ignored/>
  </testcase> <!-- @BeforeTest setup -->
</testsuite> <!-- Test -->
